0 info it worked if it ends with ok
1 verbose cli [ 'C:\\Program Files\\nodejs\\\\node.exe',
1 verbose cli   'C:\\Program Files\\nodejs\\node_modules\\npm\\bin\\npm-cli.js',
1 verbose cli   'install',
1 verbose cli   '-g',
1 verbose cli   'n' ]
2 info using npm@1.4.14
3 info using node@v0.10.29
4 verbose node symlink C:\Program Files\nodejs\\node.exe
5 verbose cache add [ 'n', null ]
6 verbose cache add name=undefined spec="n" args=["n",null]
7 verbose parsed url { protocol: null,
7 verbose parsed url   slashes: null,
7 verbose parsed url   auth: null,
7 verbose parsed url   host: null,
7 verbose parsed url   port: null,
7 verbose parsed url   hostname: null,
7 verbose parsed url   hash: null,
7 verbose parsed url   search: null,
7 verbose parsed url   query: null,
7 verbose parsed url   pathname: 'n',
7 verbose parsed url   path: 'n',
7 verbose parsed url   href: 'n' }
8 silly lockFile d1854cae-n n
9 verbose lock n C:\Users\wrseward\AppData\Roaming\npm-cache\d1854cae-n.lock
10 silly lockFile d1854cae-n n
11 silly lockFile d1854cae-n n
12 verbose addNamed [ 'n', '' ]
13 verbose addNamed [ null, '*' ]
14 silly lockFile 6b58d7dc-n n@
15 verbose lock n@ C:\Users\wrseward\AppData\Roaming\npm-cache\6b58d7dc-n.lock
16 silly addNameRange { name: 'n', range: '*', hasData: false }
17 verbose url raw n
18 verbose url resolving [ 'https://registry.npmjs.org/', './n' ]
19 verbose url resolved https://registry.npmjs.org/n
20 info trying registry request attempt 1 at 13:10:43
21 http GET https://registry.npmjs.org/n
22 http 200 https://registry.npmjs.org/n
23 silly registry.get cb [ 200,
23 silly registry.get   { server: 'CouchDB/1.5.0 (Erlang OTP/R16B03)',
23 silly registry.get     etag: '"6JUQ1GJIWTY39HDCTH4MWOYYG"',
23 silly registry.get     'content-type': 'application/json',
23 silly registry.get     'cache-control': 'max-age=60',
23 silly registry.get     'content-length': '52349',
23 silly registry.get     'accept-ranges': 'bytes',
23 silly registry.get     date: 'Tue, 08 Dec 2015 18:10:50 GMT',
23 silly registry.get     via: '1.1 varnish',
23 silly registry.get     age: '0',
23 silly registry.get     connection: 'keep-alive',
23 silly registry.get     'x-served-by': 'cache-jfk1031-JFK',
23 silly registry.get     'x-cache': 'HIT',
23 silly registry.get     'x-cache-hits': '1',
23 silly registry.get     'x-timer': 'S1449598250.053473,VS0,VE21',
23 silly registry.get     vary: 'Accept' } ]
24 silly addNameRange number 2 { name: 'n', range: '*', hasData: true }
25 silly addNameRange versions [ 'n',
25 silly addNameRange   [ '0.0.1',
25 silly addNameRange     '0.0.2',
25 silly addNameRange     '0.0.3',
25 silly addNameRange     '0.0.4',
25 silly addNameRange     '0.1.0',
25 silly addNameRange     '0.1.1',
25 silly addNameRange     '0.1.2',
25 silly addNameRange     '0.2.0',
25 silly addNameRange     '0.2.1',
25 silly addNameRange     '0.2.2',
25 silly addNameRange     '0.3.0',
25 silly addNameRange     '0.4.0',
25 silly addNameRange     '0.4.1',
25 silly addNameRange     '0.4.2',
25 silly addNameRange     '0.5.0',
25 silly addNameRange     '0.5.1',
25 silly addNameRange     '0.5.2',
25 silly addNameRange     '0.5.3',
25 silly addNameRange     '0.5.4',
25 silly addNameRange     '0.6.0',
25 silly addNameRange     '0.6.1',
25 silly addNameRange     '0.7.0',
25 silly addNameRange     '0.7.1',
25 silly addNameRange     '0.7.2',
25 silly addNameRange     '0.7.3',
25 silly addNameRange     '0.8.0',
25 silly addNameRange     '0.8.1',
25 silly addNameRange     '0.8.2',
25 silly addNameRange     '0.9.0',
25 silly addNameRange     '0.9.1',
25 silly addNameRange     '0.9.2',
25 silly addNameRange     '0.9.3',
25 silly addNameRange     '1.0.0',
25 silly addNameRange     '1.1.0',
25 silly addNameRange     '1.2.1',
25 silly addNameRange     '1.2.2',
25 silly addNameRange     '1.2.3',
25 silly addNameRange     '1.2.4',
25 silly addNameRange     '1.2.5',
25 silly addNameRange     '1.2.6',
25 silly addNameRange     '1.2.7',
25 silly addNameRange     '1.2.8',
25 silly addNameRange     '1.2.9',
25 silly addNameRange     '1.2.11',
25 silly addNameRange     '1.2.13',
25 silly addNameRange     '1.2.14',
25 silly addNameRange     '1.3.0',
25 silly addNameRange     '1.4.0',
25 silly addNameRange     '2.0.0',
25 silly addNameRange     '1.4.1',
25 silly addNameRange     '2.0.1',
25 silly addNameRange     '1.4.2',
25 silly addNameRange     '2.0.2' ] ]
26 verbose addNamed [ 'n', '2.0.2' ]
27 verbose addNamed [ '2.0.2', '2.0.2' ]
28 silly lockFile ed42822e-n-2-0-2 n@2.0.2
29 verbose lock n@2.0.2 C:\Users\wrseward\AppData\Roaming\npm-cache\ed42822e-n-2-0-2.lock
30 silly lockFile 3690f7ba-registry-npmjs-org-n-n-2-0-2-tgz https://registry.npmjs.org/n/-/n-2.0.2.tgz
31 verbose lock https://registry.npmjs.org/n/-/n-2.0.2.tgz C:\Users\wrseward\AppData\Roaming\npm-cache\3690f7ba-registry-npmjs-org-n-n-2-0-2-tgz.lock
32 verbose addRemoteTarball [ 'https://registry.npmjs.org/n/-/n-2.0.2.tgz',
32 verbose addRemoteTarball   '1d132d1e33c8687bae54313792626e7878bd5f57' ]
33 info retry fetch attempt 1 at 13:10:44
34 verbose fetch to= C:\Users\wrseward\AppData\Local\Temp\npm-2272-0VNNl_gZ\registry.npmjs.org\n\-\n-2.0.2.tgz
35 http GET https://registry.npmjs.org/n/-/n-2.0.2.tgz
36 http 200 https://registry.npmjs.org/n/-/n-2.0.2.tgz
37 silly lockFile 3690f7ba-registry-npmjs-org-n-n-2-0-2-tgz https://registry.npmjs.org/n/-/n-2.0.2.tgz
38 silly lockFile 3690f7ba-registry-npmjs-org-n-n-2-0-2-tgz https://registry.npmjs.org/n/-/n-2.0.2.tgz
39 silly lockFile ed42822e-n-2-0-2 n@2.0.2
40 silly lockFile ed42822e-n-2-0-2 n@2.0.2
41 silly lockFile 6b58d7dc-n n@
42 silly lockFile 6b58d7dc-n n@
43 silly resolved [ { name: 'n',
43 silly resolved     description: 'node version manager',
43 silly resolved     version: '2.0.2',
43 silly resolved     author: { name: 'TJ Holowaychuk', email: 'tj@vision-media.ca' },
43 silly resolved     homepage: 'https://github.com/tj/n',
43 silly resolved     bugs: { url: 'https://github.com/tj/n/issues' },
43 silly resolved     contributors: [ [Object] ],
43 silly resolved     keywords:
43 silly resolved      [ 'nvm',
43 silly resolved        'node',
43 silly resolved        'version',
43 silly resolved        'manager',
43 silly resolved        'switcher',
43 silly resolved        'node',
43 silly resolved        'binary',
43 silly resolved        'env' ],
43 silly resolved     bin: { n: './bin/n' },
43 silly resolved     repository: { type: 'git', url: 'git://github.com/tj/n.git' },
43 silly resolved     preferGlobal: true,
43 silly resolved     os: [ '!win32' ],
43 silly resolved     engines: { node: '*' },
43 silly resolved     license: 'MIT',
43 silly resolved     gitHead: '7831e76a57429afc6341a583febb99469db4d1dc',
43 silly resolved     _id: 'n@2.0.2',
43 silly resolved     scripts: {},
43 silly resolved     _shasum: '1d132d1e33c8687bae54313792626e7878bd5f57',
43 silly resolved     _from: 'n@',
43 silly resolved     _npmVersion: '2.13.4',
43 silly resolved     _nodeVersion: '0.12.7',
43 silly resolved     _npmUser: { name: 'maxrimue', email: 'max.rittmueller@gmail.com' },
43 silly resolved     dist:
43 silly resolved      { shasum: '1d132d1e33c8687bae54313792626e7878bd5f57',
43 silly resolved        tarball: 'http://registry.npmjs.org/n/-/n-2.0.2.tgz' },
43 silly resolved     maintainers:
43 silly resolved      [ [Object],
43 silly resolved        [Object],
43 silly resolved        [Object],
43 silly resolved        [Object],
43 silly resolved        [Object],
43 silly resolved        [Object],
43 silly resolved        [Object] ],
43 silly resolved     directories: {},
43 silly resolved     _resolved: 'https://registry.npmjs.org/n/-/n-2.0.2.tgz' } ]
44 info install n@2.0.2 into C:\Users\wrseward\AppData\Roaming\npm
45 info installOne n@2.0.2
46 error notsup Unsupported
46 error notsup Not compatible with your operating system or architecture: n@2.0.2
46 error notsup Valid OS:    !win32
46 error notsup Valid Arch:  any
46 error notsup Actual OS:   win32
46 error notsup Actual Arch: x64
47 error System Windows_NT 6.2.9200
48 error command "C:\\Program Files\\nodejs\\\\node.exe" "C:\\Program Files\\nodejs\\node_modules\\npm\\bin\\npm-cli.js" "install" "-g" "n"
49 error cwd C:\Antonio\ServerSideApp
50 error node -v v0.10.29
51 error npm -v 1.4.14
52 error code EBADPLATFORM
53 verbose exit [ 1, true ]
